<?xml version="1.0" encoding="UTF-8"?>
<testsuite xmlns:xsi="http://www.w3.org/2001/XMLSchema-instance" xsi:noNamespaceSchemaLocation="https://maven.apache.org/surefire/maven-surefire-plugin/xsd/surefire-test-report-3.0.xsd" version="3.0" name="ClientConnectionTest" time="0.135" tests="16" errors="0" skipped="0" failures="0">
  <properties>
[...]
</properties>
  <testcase name="testDisconnectSuccess" classname="ClientConnectionTest" time="0.092"/>
  <testcase name="testCreateConnectionDuplicateEnvironment" classname="ClientConnectionTest" time="0.003"/>
  <testcase name="testDisconnectMissingToken" classname="ClientConnectionTest" time="0.001"/>
  <testcase name="testSubmitRequestMissingDSL" classname="ClientConnectionTest" time="0.002"/>
  <testcase name="testGetConnectionStatusNonExistent" classname="ClientConnectionTest" time="0.001"/>
  <testcase name="testRequestAfterDisconnect" classname="ClientConnectionTest" time="0.001"/>
  <testcase name="testSubmitRequestMissingToken" classname="ClientConnectionTest" time="0.001"/>
  <testcase name="testEnvironmentAvailableAfterDisconnect" classname="ClientConnectionTest" time="0.001"/>
  <testcase name="testDisconnectInvalidToken" classname="ClientConnectionTest" time="0.0"/>
  <testcase name="testCreateConnectionInvalidExpiryMins" classname="ClientConnectionTest" time="0.0"/>
  <testcase name="testGetConnectionStatusActive" classname="ClientConnectionTest" time="0.001"/>
  <testcase name="testCreateConnectionSuccess" classname="ClientConnectionTest" time="0.0"/>
  <testcase name="testCreateConnectionMissingOwner" classname="ClientConnectionTest" time="0.0"/>
  <testcase name="testSubmitRequestSuccess" classname="ClientConnectionTest" time="0.0"/>
  <testcase name="testSubmitRequestInvalidToken" classname="ClientConnectionTest" time="0.0"/>
  <testcase name="testCreateConnectionMissingTargetEnv" classname="ClientConnectionTest" time="0.0"/>
</testsuite>